<?xml version="1.0" encoding="UTF-8"?>
<testsuite xmlns:xsi="http://www.w3.org/2001/XMLSchema-instance" xsi:noNamespaceSchemaLocation="https://maven.apache.org/surefire/maven-surefire-plugin/xsd/surefire-test-report-3.0.xsd" version="3.0" name="run.RunCucumberTest" time="5.903" tests="5" errors="0" skipped="0" failures="0">
  <properties>
    <property name="java.specification.version" value="17"/>
    <property name="sun.cpu.isalist" value="amd64"/>
    <property name="sun.jnu.encoding" value="GBK"/>
    <property name="java.class.path" value="D:\00 workspace\03 autoTest\hellocucumber\target\test-classes;D:\00 workspace\03 autoTest\hellocucumber\target\classes;D:\04QAtools\MavenRepo\io\cucumber\cucumber-java\7.13.0\cucumber-java-7.13.0.jar;D:\04QAtools\MavenRepo\io\cucumber\cucumber-core\7.13.0\cucumber-core-7.13.0.jar;D:\04QAtools\MavenRepo\io\cucumber\cucumber-gherkin\7.13.0\cucumber-gherkin-7.13.0.jar;D:\04QAtools\MavenRepo\io\cucumber\cucumber-gherkin-messages\7.13.0\cucumber-gherkin-messages-7.13.0.jar;D:\04QAtools\MavenRepo\io\cucumber\messages\22.0.0\messages-22.0.0.jar;D:\04QAtools\MavenRepo\io\cucumber\tag-expressions\5.0.1\tag-expressions-5.0.1.jar;D:\04QAtools\MavenRepo\io\cucumber\cucumber-expressions\16.1.2\cucumber-expressions-16.1.2.jar;D:\04QAtools\MavenRepo\io\cucumber\datatable\7.13.0\datatable-7.13.0.jar;D:\04QAtools\MavenRepo\io\cucumber\cucumber-plugin\7.13.0\cucumber-plugin-7.13.0.jar;D:\04QAtools\MavenRepo\io\cucumber\docstring\7.13.0\docstring-7.13.0.jar;D:\04QAtools\MavenRepo\io\cucumber\html-formatter\20.3.1\html-formatter-20.3.1.jar;D:\04QAtools\MavenRepo\io\cucumber\junit-xml-formatter\0.2.0\junit-xml-formatter-0.2.0.jar;D:\04QAtools\MavenRepo\io\cucumber\ci-environment\9.2.0\ci-environment-9.2.0.jar;D:\04QAtools\MavenRepo\org\apiguardian\apiguardian-api\1.1.2\apiguardian-api-1.1.2.jar;D:\04QAtools\MavenRepo\org\junit\jupiter\junit-jupiter-engine\5.9.2\junit-jupiter-engine-5.9.2.jar;D:\04QAtools\MavenRepo\org\junit\platform\junit-platform-engine\1.9.3\junit-platform-engine-1.9.3.jar;D:\04QAtools\MavenRepo\org\opentest4j\opentest4j\1.2.0\opentest4j-1.2.0.jar;D:\04QAtools\MavenRepo\org\junit\platform\junit-platform-commons\1.9.3\junit-platform-commons-1.9.3.jar;D:\04QAtools\MavenRepo\org\junit\jupiter\junit-jupiter-api\5.9.3\junit-jupiter-api-5.9.3.jar;D:\04QAtools\MavenRepo\io\cucumber\cucumber-junit-platform-engine\7.13.0\cucumber-junit-platform-engine-7.13.0.jar;D:\04QAtools\MavenRepo\org\junit\platform\junit-platform-suite\1.9.3\junit-platform-suite-1.9.3.jar;D:\04QAtools\MavenRepo\org\junit\platform\junit-platform-suite-api\1.9.3\junit-platform-suite-api-1.9.3.jar;D:\04QAtools\MavenRepo\org\junit\platform\junit-platform-suite-engine\1.9.3\junit-platform-suite-engine-1.9.3.jar;D:\04QAtools\MavenRepo\org\junit\platform\junit-platform-suite-commons\1.9.3\junit-platform-suite-commons-1.9.3.jar;D:\04QAtools\MavenRepo\org\junit\platform\junit-platform-launcher\1.9.3\junit-platform-launcher-1.9.3.jar;D:\04QAtools\MavenRepo\org\junit\jupiter\junit-jupiter\5.9.3\junit-jupiter-5.9.3.jar;D:\04QAtools\MavenRepo\org\junit\jupiter\junit-jupiter-params\5.9.3\junit-jupiter-params-5.9.3.jar;D:\04QAtools\MavenRepo\org\json\json\20230227\json-20230227.jar;D:\04QAtools\MavenRepo\junit\junit\4.4\junit-4.4.jar;D:\04QAtools\MavenRepo\org\apache\httpcomponents\httpclient\4.5.14\httpclient-4.5.14.jar;D:\04QAtools\MavenRepo\org\apache\httpcomponents\httpcore\4.4.16\httpcore-4.4.16.jar;D:\04QAtools\MavenRepo\commons-logging\commons-logging\1.2\commons-logging-1.2.jar;D:\04QAtools\MavenRepo\commons-codec\commons-codec\1.11\commons-codec-1.11.jar;D:\04QAtools\MavenRepo\org\apache\httpcomponents\httpmime\4.3.1\httpmime-4.3.1.jar;D:\04QAtools\MavenRepo\io\cucumber\cucumber-junit\7.13.0\cucumber-junit-7.13.0.jar;D:\04QAtools\MavenRepo\net\masterthought\cucumber-reporting\5.7.6\cucumber-reporting-5.7.6.jar;D:\04QAtools\MavenRepo\com\fasterxml\jackson\core\jackson-databind\2.13.2.2\jackson-databind-2.13.2.2.jar;D:\04QAtools\MavenRepo\com\fasterxml\jackson\core\jackson-annotations\2.13.2\jackson-annotations-2.13.2.jar;D:\04QAtools\MavenRepo\com\fasterxml\jackson\core\jackson-core\2.13.2\jackson-core-2.13.2.jar;D:\04QAtools\MavenRepo\com\fasterxml\jackson\datatype\jackson-datatype-jsr310\2.13.2\jackson-datatype-jsr310-2.13.2.jar;D:\04QAtools\MavenRepo\org\apache\velocity\velocity-engine-core\2.3\velocity-engine-core-2.3.jar;D:\04QAtools\MavenRepo\org\slf4j\slf4j-api\1.7.30\slf4j-api-1.7.30.jar;D:\04QAtools\MavenRepo\joda-time\joda-time\2.12.2\joda-time-2.12.2.jar;D:\04QAtools\MavenRepo\org\apache\commons\commons-lang3\3.12.0\commons-lang3-3.12.0.jar;D:\04QAtools\MavenRepo\commons-io\commons-io\2.7\commons-io-2.7.jar;D:\04QAtools\MavenRepo\org\codehaus\plexus\plexus-utils\3.5.1\plexus-utils-3.5.1.jar;D:\04QAtools\MavenRepo\org\jsoup\jsoup\1.16.1\jsoup-1.16.1.jar;D:\04QAtools\MavenRepo\com\googlecode\owasp-java-html-sanitizer\owasp-java-html-sanitizer\20220608.1\owasp-java-html-sanitizer-20220608.1.jar;D:\04QAtools\MavenRepo\com\google\guava\guava\30.1-jre\guava-30.1-jre.jar;D:\04QAtools\MavenRepo\com\google\guava\failureaccess\1.0.1\failureaccess-1.0.1.jar;D:\04QAtools\MavenRepo\com\google\guava\listenablefuture\9999.0-empty-to-avoid-conflict-with-guava\listenablefuture-9999.0-empty-to-avoid-conflict-with-guava.jar;D:\04QAtools\MavenRepo\com\google\code\findbugs\jsr305\3.0.2\jsr305-3.0.2.jar;D:\04QAtools\MavenRepo\org\checkerframework\checker-qual\3.5.0\checker-qual-3.5.0.jar;D:\04QAtools\MavenRepo\com\google\errorprone\error_prone_annotations\2.3.4\error_prone_annotations-2.3.4.jar;D:\04QAtools\MavenRepo\com\google\j2objc\j2objc-annotations\1.3\j2objc-annotations-1.3.jar;D:\04QAtools\MavenRepo\commons-configuration\commons-configuration\1.10\commons-configuration-1.10.jar;D:\04QAtools\MavenRepo\commons-lang\commons-lang\2.6\commons-lang-2.6.jar;D:\04QAtools\MavenRepo\me\jvt\cucumber\reporting-plugin\5.0.0\reporting-plugin-5.0.0.jar;D:\04QAtools\MavenRepo\io\cucumber\gherkin\26.2.0\gherkin-26.2.0.jar;"/>
    <property name="java.vm.vendor" value="Oracle Corporation"/>
    <property name="sun.arch.data.model" value="64"/>
    <property name="user.variant" value=""/>
    <property name="java.vendor.url" value="https://java.oracle.com/"/>
    <property name="user.timezone" value="Asia/Shanghai"/>
    <property name="os.name" value="Windows 11"/>
    <property name="java.vm.specification.version" value="17"/>
    <property name="sun.java.launcher" value="SUN_STANDARD"/>
    <property name="user.country" value="CN"/>
    <property name="sun.boot.library.path" value="C:\Program Files\Java\jdk-17\bin"/>
    <property name="sun.java.command" value="C:\Users\lenovo\AppData\Local\Temp\surefire5426978974977189354\surefirebooter-20230806122302072_3.jar C:\Users\lenovo\AppData\Local\Temp\surefire5426978974977189354 2023-08-06T12-23-01_873-jvmRun1 surefire-20230806122302072_1tmp surefire_0-20230806122302072_2tmp"/>
    <property name="jdk.debug" value="release"/>
    <property name="surefire.test.class.path" value="D:\00 workspace\03 autoTest\hellocucumber\target\test-classes;D:\00 workspace\03 autoTest\hellocucumber\target\classes;D:\04QAtools\MavenRepo\io\cucumber\cucumber-java\7.13.0\cucumber-java-7.13.0.jar;D:\04QAtools\MavenRepo\io\cucumber\cucumber-core\7.13.0\cucumber-core-7.13.0.jar;D:\04QAtools\MavenRepo\io\cucumber\cucumber-gherkin\7.13.0\cucumber-gherkin-7.13.0.jar;D:\04QAtools\MavenRepo\io\cucumber\cucumber-gherkin-messages\7.13.0\cucumber-gherkin-messages-7.13.0.jar;D:\04QAtools\MavenRepo\io\cucumber\messages\22.0.0\messages-22.0.0.jar;D:\04QAtools\MavenRepo\io\cucumber\tag-expressions\5.0.1\tag-expressions-5.0.1.jar;D:\04QAtools\MavenRepo\io\cucumber\cucumber-expressions\16.1.2\cucumber-expressions-16.1.2.jar;D:\04QAtools\MavenRepo\io\cucumber\datatable\7.13.0\datatable-7.13.0.jar;D:\04QAtools\MavenRepo\io\cucumber\cucumber-plugin\7.13.0\cucumber-plugin-7.13.0.jar;D:\04QAtools\MavenRepo\io\cucumber\docstring\7.13.0\docstring-7.13.0.jar;D:\04QAtools\MavenRepo\io\cucumber\html-formatter\20.3.1\html-formatter-20.3.1.jar;D:\04QAtools\MavenRepo\io\cucumber\junit-xml-formatter\0.2.0\junit-xml-formatter-0.2.0.jar;D:\04QAtools\MavenRepo\io\cucumber\ci-environment\9.2.0\ci-environment-9.2.0.jar;D:\04QAtools\MavenRepo\org\apiguardian\apiguardian-api\1.1.2\apiguardian-api-1.1.2.jar;D:\04QAtools\MavenRepo\org\junit\jupiter\junit-jupiter-engine\5.9.2\junit-jupiter-engine-5.9.2.jar;D:\04QAtools\MavenRepo\org\junit\platform\junit-platform-engine\1.9.3\junit-platform-engine-1.9.3.jar;D:\04QAtools\MavenRepo\org\opentest4j\opentest4j\1.2.0\opentest4j-1.2.0.jar;D:\04QAtools\MavenRepo\org\junit\platform\junit-platform-commons\1.9.3\junit-platform-commons-1.9.3.jar;D:\04QAtools\MavenRepo\org\junit\jupiter\junit-jupiter-api\5.9.3\junit-jupiter-api-5.9.3.jar;D:\04QAtools\MavenRepo\io\cucumber\cucumber-junit-platform-engine\7.13.0\cucumber-junit-platform-engine-7.13.0.jar;D:\04QAtools\MavenRepo\org\junit\platform\junit-platform-suite\1.9.3\junit-platform-suite-1.9.3.jar;D:\04QAtools\MavenRepo\org\junit\platform\junit-platform-suite-api\1.9.3\junit-platform-suite-api-1.9.3.jar;D:\04QAtools\MavenRepo\org\junit\platform\junit-platform-suite-engine\1.9.3\junit-platform-suite-engine-1.9.3.jar;D:\04QAtools\MavenRepo\org\junit\platform\junit-platform-suite-commons\1.9.3\junit-platform-suite-commons-1.9.3.jar;D:\04QAtools\MavenRepo\org\junit\platform\junit-platform-launcher\1.9.3\junit-platform-launcher-1.9.3.jar;D:\04QAtools\MavenRepo\org\junit\jupiter\junit-jupiter\5.9.3\junit-jupiter-5.9.3.jar;D:\04QAtools\MavenRepo\org\junit\jupiter\junit-jupiter-params\5.9.3\junit-jupiter-params-5.9.3.jar;D:\04QAtools\MavenRepo\org\json\json\20230227\json-20230227.jar;D:\04QAtools\MavenRepo\junit\junit\4.4\junit-4.4.jar;D:\04QAtools\MavenRepo\org\apache\httpcomponents\httpclient\4.5.14\httpclient-4.5.14.jar;D:\04QAtools\MavenRepo\org\apache\httpcomponents\httpcore\4.4.16\httpcore-4.4.16.jar;D:\04QAtools\MavenRepo\commons-logging\commons-logging\1.2\commons-logging-1.2.jar;D:\04QAtools\MavenRepo\commons-codec\commons-codec\1.11\commons-codec-1.11.jar;D:\04QAtools\MavenRepo\org\apache\httpcomponents\httpmime\4.3.1\httpmime-4.3.1.jar;D:\04QAtools\MavenRepo\io\cucumber\cucumber-junit\7.13.0\cucumber-junit-7.13.0.jar;D:\04QAtools\MavenRepo\net\masterthought\cucumber-reporting\5.7.6\cucumber-reporting-5.7.6.jar;D:\04QAtools\MavenRepo\com\fasterxml\jackson\core\jackson-databind\2.13.2.2\jackson-databind-2.13.2.2.jar;D:\04QAtools\MavenRepo\com\fasterxml\jackson\core\jackson-annotations\2.13.2\jackson-annotations-2.13.2.jar;D:\04QAtools\MavenRepo\com\fasterxml\jackson\core\jackson-core\2.13.2\jackson-core-2.13.2.jar;D:\04QAtools\MavenRepo\com\fasterxml\jackson\datatype\jackson-datatype-jsr310\2.13.2\jackson-datatype-jsr310-2.13.2.jar;D:\04QAtools\MavenRepo\org\apache\velocity\velocity-engine-core\2.3\velocity-engine-core-2.3.jar;D:\04QAtools\MavenRepo\org\slf4j\slf4j-api\1.7.30\slf4j-api-1.7.30.jar;D:\04QAtools\MavenRepo\joda-time\joda-time\2.12.2\joda-time-2.12.2.jar;D:\04QAtools\MavenRepo\org\apache\commons\commons-lang3\3.12.0\commons-lang3-3.12.0.jar;D:\04QAtools\MavenRepo\commons-io\commons-io\2.7\commons-io-2.7.jar;D:\04QAtools\MavenRepo\org\codehaus\plexus\plexus-utils\3.5.1\plexus-utils-3.5.1.jar;D:\04QAtools\MavenRepo\org\jsoup\jsoup\1.16.1\jsoup-1.16.1.jar;D:\04QAtools\MavenRepo\com\googlecode\owasp-java-html-sanitizer\owasp-java-html-sanitizer\20220608.1\owasp-java-html-sanitizer-20220608.1.jar;D:\04QAtools\MavenRepo\com\google\guava\guava\30.1-jre\guava-30.1-jre.jar;D:\04QAtools\MavenRepo\com\google\guava\failureaccess\1.0.1\failureaccess-1.0.1.jar;D:\04QAtools\MavenRepo\com\google\guava\listenablefuture\9999.0-empty-to-avoid-conflict-with-guava\listenablefuture-9999.0-empty-to-avoid-conflict-with-guava.jar;D:\04QAtools\MavenRepo\com\google\code\findbugs\jsr305\3.0.2\jsr305-3.0.2.jar;D:\04QAtools\MavenRepo\org\checkerframework\checker-qual\3.5.0\checker-qual-3.5.0.jar;D:\04QAtools\MavenRepo\com\google\errorprone\error_prone_annotations\2.3.4\error_prone_annotations-2.3.4.jar;D:\04QAtools\MavenRepo\com\google\j2objc\j2objc-annotations\1.3\j2objc-annotations-1.3.jar;D:\04QAtools\MavenRepo\commons-configuration\commons-configuration\1.10\commons-configuration-1.10.jar;D:\04QAtools\MavenRepo\commons-lang\commons-lang\2.6\commons-lang-2.6.jar;D:\04QAtools\MavenRepo\me\jvt\cucumber\reporting-plugin\5.0.0\reporting-plugin-5.0.0.jar;D:\04QAtools\MavenRepo\io\cucumber\gherkin\26.2.0\gherkin-26.2.0.jar;"/>
    <property name="sun.cpu.endian" value="little"/>
    <property name="user.home" value="C:\Users\lenovo"/>
    <property name="user.language" value="zh"/>
    <property name="java.specification.vendor" value="Oracle Corporation"/>
    <property name="java.version.date" value="2023-01-17"/>
    <property name="java.home" value="C:\Program Files\Java\jdk-17"/>
    <property name="file.separator" value="\"/>
    <property name="basedir" value="D:\00 workspace\03 autoTest\hellocucumber"/>
    <property name="java.vm.compressedOopsMode" value="32-bit"/>
    <property name="line.separator" value="&#10;"/>
    <property name="java.vm.specification.vendor" value="Oracle Corporation"/>
    <property name="java.specification.name" value="Java Platform API Specification"/>
    <property name="surefire.real.class.path" value="C:\Users\lenovo\AppData\Local\Temp\surefire5426978974977189354\surefirebooter-20230806122302072_3.jar"/>
    <property name="user.script" value=""/>
    <property name="sun.management.compiler" value="HotSpot 64-Bit Tiered Compilers"/>
    <property name="java.runtime.version" value="17.0.6+9-LTS-190"/>
    <property name="user.name" value="lenovo"/>
    <property name="path.separator" value=";"/>
    <property name="os.version" value="10.0"/>
    <property name="java.runtime.name" value="Java(TM) SE Runtime Environment"/>
    <property name="file.encoding" value="GBK"/>
    <property name="java.vm.name" value="Java HotSpot(TM) 64-Bit Server VM"/>
    <property name="localRepository" value="D:\04QAtools\MavenRepo"/>
    <property name="java.vendor.url.bug" value="https://bugreport.java.com/bugreport/"/>
    <property name="java.io.tmpdir" value="C:\Users\lenovo\AppData\Local\Temp\"/>
    <property name="java.version" value="17.0.6"/>
    <property name="user.dir" value="D:\00 workspace\03 autoTest\hellocucumber"/>
    <property name="os.arch" value="amd64"/>
    <property name="java.vm.specification.name" value="Java Virtual Machine Specification"/>
    <property name="sun.os.patch.level" value=""/>
    <property name="native.encoding" value="GBK"/>
    <property name="java.library.path" value="C:\Program Files\Java\jdk-17\bin;C:\WINDOWS\Sun\Java\bin;C:\WINDOWS\system32;C:\WINDOWS;C:\Program Files\Common Files\Oracle\Java\javapath;C:\Program Files (x86)\Common Files\NetSarang;C:\Program Files (x86)\Common Files\Oracle\Java\javapath;C:\Program Files (x86)\Intel\Intel(R) Management Engine Components\iCLS\;C:\Program Files\Intel\Intel(R) Management Engine Components\iCLS\;C:\Windows\system32;C:\Windows;C:\Windows\System32\Wbem;C:\Windows\System32\WindowsPowerShell\v1.0\;C:\Windows\System32\OpenSSH\;C:\Program Files (x86)\Intel\Intel(R) Management Engine Components\DAL;C:\Program Files\Intel\Intel(R) Management Engine Components\DAL;C:\Program Files (x86)\Intel\Intel(R) Management Engine Components\IPT;C:\Program Files\Intel\Intel(R) Management Engine Components\IPT;C:\Program Files (x86)\NVIDIA Corporation\PhysX\Common;D:\05env\ssm\mysql-5.7.24-winx64\bin;D:\04QAtools\maven3\bin;D:\02 学习\java\spring-2.1.0.RELEASE\bin;D:\02 学习\java\gradle-3.5.1\bin;C:\WINDOWS\system32;C:\WINDOWS;C:\WINDOWS\System32\Wbem;C:\WINDOWS\System32\WindowsPowerShell\v1.0\;C:\WINDOWS\System32\OpenSSH\;D:\Program Files\;C:\Program Files\Git\cmd;D:\04QAtools\maven3\bin;C:\Program Files\Java\jdk-17\bin;C:\Program Files\Java\jdk-17\jre\bin;D:\04QAtools\apache-ant-1.9.16\bin;C:\Users\lenovo\AppData\Local\Microsoft\WindowsApps;C:\Users\lenovo\AppData\Local\BypassRuntm;;d:\Users\lenovo\AppData\Local\Programs\Microsoft VS Code\bin;C:\Users\lenovo\AppData\Local\Microsoft\WindowsApps;C:\Users\lenovo\AppData\Roaming\npm;."/>
    <property name="java.vm.info" value="mixed mode, sharing"/>
    <property name="java.vendor" value="Oracle Corporation"/>
    <property name="java.vm.version" value="17.0.6+9-LTS-190"/>
    <property name="sun.io.unicode.encoding" value="UnicodeLittle"/>
    <property name="java.class.version" value="61.0"/>
  </properties>
  <testcase name="图标管理 - outline测试 - Examples - Example #1.2" classname="图标管理 - outline测试 - Examples" time="0.079">
    <system-out><![CDATA[
@Smoke
Scenario: 鑾峰彇楠岃瘉鐮�      &amp#27;[90m# basex/login.feature:5&amp#27;[0m

@Smoke @icon @test
Scenario Outline: outline娴嬭瘯 &amp#27;[90m# basex/icon.feature:30&amp#27;[0m
消防
  &amp#27;[32mGiven &amp#27;[0m&amp#27;[32m閫夋嫨&amp#27;[0m&amp#27;[32m&amp#27;[1m'娑堥槻'&amp#27;[0m              &amp#27;[90m# step_definition.testCase.demo.Scenario_icon.getGroup(java.lang.String)&amp#27;[0m
lg:::12
  &amp#27;[32mWhen &amp#27;[0m&amp#27;[32m杈撳叆&amp#27;[0m&amp#27;[32m&amp#27;[1m'lg'&amp#27;[0m&amp#27;[32m鍜�&amp#27;[0m&amp#27;[32m&amp#27;[1m'12'&amp#27;[0m&amp#27;[32m锛屼繚瀛�&amp#27;[0m       &amp#27;[90m# step_definition.testCase.demo.Scenario_icon.getInfo(java.lang.String,java.lang.String)&amp#27;[0m
lg
  &amp#27;[32mThen &amp#27;[0m&amp#27;[32m瀛敓浣�&amp#27;[0m&amp#27;[32m&amp#27;[1m'lg'&amp#27;[0m&amp#27;[32m鍒涘缓鎴愬姛&amp#27;[0m          &amp#27;[90m# step_definition.testCase.demo.Scenario_icon.AssertResult(java.lang.String)&amp#27;[0m
]]></system-out>
  </testcase>
  <testcase name="图标管理 - outline测试 - Examples - Example #1.1" classname="图标管理 - outline测试 - Examples" time="0.009">
    <system-out><![CDATA[
@Smoke @icon @test
Scenario Outline: outline娴嬭瘯 &amp#27;[90m# basex/icon.feature:29&amp#27;[0m
安防
  &amp#27;[32mGiven &amp#27;[0m&amp#27;[32m閫夋嫨&amp#27;[0m&amp#27;[32m&amp#27;[1m'瀹夐槻'&amp#27;[0m              &amp#27;[90m# step_definition.testCase.demo.Scenario_icon.getGroup(java.lang.String)&amp#27;[0m
wnn:::1
  &amp#27;[32mWhen &amp#27;[0m&amp#27;[32m杈撳叆&amp#27;[0m&amp#27;[32m&amp#27;[1m'wnn'&amp#27;[0m&amp#27;[32m鍜�&amp#27;[0m&amp#27;[32m&amp#27;[1m'1'&amp#27;[0m&amp#27;[32m锛屼繚瀛�&amp#27;[0m       &amp#27;[90m# step_definition.testCase.demo.Scenario_icon.getInfo(java.lang.String,java.lang.String)&amp#27;[0m
wnn
  &amp#27;[32mThen &amp#27;[0m&amp#27;[32m瀛敓浣�&amp#27;[0m&amp#27;[32m&amp#27;[1m'wnn'&amp#27;[0m&amp#27;[32m鍒涘缓鎴愬姛&amp#27;[0m         &amp#27;[90m# step_definition.testCase.demo.Scenario_icon.AssertResult(java.lang.String)&amp#27;[0m
]]></system-out>
  </testcase>
  <testcase name="图标管理 - 表单测试" classname="图标管理" time="0.015">
    <system-out><![CDATA[
@Smoke @icon @datatable
Scenario: 琛ㄥ崟娴嬭瘯        &amp#27;[90m# basex/icon.feature:16&amp#27;[0m
WNN
  &amp#27;[32mGiven &amp#27;[0m&amp#27;[32m杈撳叆鍚嶇О鍜屽鐢熺紪鐮侊紝淇濆瓨锛�&amp#27;[0m &amp#27;[90m# step_definition.testCase.demo.Scenario_icon.testDataTable(io.cucumber.datatable.DataTable)&amp#27;[0m
    | WNN | 1 |
    | LGQ | 2 |
]]></system-out>
  </testcase>
  <testcase name="图标管理 - 创建孪生体分类" classname="图标管理" time="5.407">
    <system-out><![CDATA[  &amp#27;[32mThen &amp#27;[0m&amp#27;[32m鍥炬爣涓婁紶鎴愬姛&amp#27;[0m      &amp#27;[90m# step_definition.testCase.demo.Scenario_icon.assertResult()&amp#27;[0m
]]></system-out>
  </testcase>
  <testcase name="login test - 获取验证码" classname="login test" time="5.492">
    <system-out><![CDATA[
@Smoke @icon
Scenario: 鍒涘缓瀛敓浣撳垎绫�  &amp#27;[90m# basex/icon.feature:6&amp#27;[0m
{"code":200,"data":"1688042981136314369","success":true,"message":"请求成功"}
  &amp#27;[32mWhen &amp#27;[0m&amp#27;[32m涓婁紶&amp#27;[0m&amp#27;[32m&amp#27;[1m"1.png"&amp#27;[0m&amp#27;[32m鍥炬爣&amp#27;[0m &amp#27;[90m# step_definition.testCase.demo.Scenario_icon.uploadImage(java.lang.String)&amp#27;[0m
  &amp#27;[32mWhen &amp#27;[0m&amp#27;[32m鑾峰彇license&amp#27;[0m     &amp#27;[90m# step_definition.testCase.scenario_login.getLicense()&amp#27;[0m
  &amp#27;[32mThen &amp#27;[0m&amp#27;[32m鐧诲綍鎴愬姛锛屾垚鍔熻幏鍙栬褰曚俊鎭�&amp#27;[0m &amp#27;[90m# step_definition.testCase.scenario_login.getRecord()&amp#27;[0m
]]></system-out>
  </testcase>
</testsuite>